<?xml version="1.0" encoding="UTF-8"?>
<testsuites name="jest tests" tests="9" failures="0" time="10.975">
  <testsuite name="GymUtils" errors="0" failures="0" skipped="0" timestamp="2020-02-02T16:47:29" time="0.703" tests="3">
    <testcase classname="" name="GymUtils get whether user is authorized." time="0.005">
    </testcase>
    <testcase classname="" name="GymUtils get the wall by id" time="0.01">
    </testcase>
    <testcase classname="" name="GymUtils get the route by id" time="0.001">
    </testcase>
  </testsuite>
  <testsuite name="GradeUtils" errors="0" failures="0" skipped="0" timestamp="2020-02-02T16:47:31" time="0.153" tests="2">
    <testcase classname="" name="GradeUtils convert a grade to a string." time="0.001">
    </testcase>
    <testcase classname="" name="GradeUtils convert a string to a grade." time="0">
    </testcase>
  </testsuite>
  <testsuite name="&lt;Main /&gt;" errors="0" failures="0" skipped="0" timestamp="2020-02-02T16:47:29" time="2.274" tests="1">
    <testcase classname="" name="&lt;Main /&gt; should render correctly" time="0.007">
    </testcase>
  </testsuite>
  <testsuite name="&lt;ProfilePage /&gt; " errors="0" failures="0" skipped="0" timestamp="2020-02-02T16:47:29" time="4.349" tests="3">
    <testcase classname="" name="&lt;ProfilePage /&gt;  should render sign up form." time="0.008">
    </testcase>
    <testcase classname="" name="&lt;ProfilePage /&gt;  should render sign in form." time="0.157">
    </testcase>
    <testcase classname="" name="&lt;ProfilePage /&gt;  should render profile form." time="0.022">
    </testcase>
  </testsuite>
</testsuites>